2025-09-12T09:40:04.998+05:30  INFO 22292 --- [main] com.example.DemoApplication              : Starting DemoApplication using Java 21.0.8 with PID 22292 (/Users/arikatlavenkatesh/Documents/ApiMicroservices/SpringBoot/SpringBoot_Lab3/target/classes started by arikatlavenkatesh in /Users/arikatlavenkatesh/Documents/ApiMicroservices/SpringBoot/SpringBoot_Lab3)
2025-09-12T09:40:05.006+05:30 DEBUG 22292 --- [main] com.example.DemoApplication              : Running with Spring Boot v3.3.3, Spring v6.1.12
2025-09-12T09:40:05.007+05:30  INFO 22292 --- [main] com.example.DemoApplication              : No active profile set, falling back to 1 default profile: "default"
2025-09-12T09:40:05.466+05:30  INFO 22292 --- [main] o.s.b.w.embedded.tomcat.TomcatWebServer  : Tomcat initialized with port 8080 (http)
2025-09-12T09:40:05.475+05:30  INFO 22292 --- [main] o.apache.catalina.core.StandardService   : Starting service [Tomcat]
2025-09-12T09:40:05.475+05:30  INFO 22292 --- [main] o.apache.catalina.core.StandardEngine    : Starting Servlet engine: [Apache Tomcat/10.1.28]
2025-09-12T09:40:05.505+05:30  INFO 22292 --- [main] o.a.c.c.C.[Tomcat].[localhost].[/]       : Initializing Spring embedded WebApplicationContext
2025-09-12T09:40:05.505+05:30  INFO 22292 --- [main] w.s.c.ServletWebServerApplicationContext : Root WebApplicationContext: initialization completed in 476 ms
2025-09-12T09:40:05.704+05:30  INFO 22292 --- [main] o.s.b.w.embedded.tomcat.TomcatWebServer  : Tomcat started on port 8080 (http) with context path '/'
2025-09-12T09:40:05.710+05:30  INFO 22292 --- [main] com.example.DemoApplication              : Started DemoApplication in 0.944 seconds (process running for 1.153)
2025-09-12T09:40:05.711+05:30  INFO 22292 --- [main] com.example.DemoApplication              : ✅ Application Started Successfully!
2025-09-12T09:40:05.712+05:30  WARN 22292 --- [main] com.example.DemoApplication              : ⚠️ Just a warning example...
2025-09-12T09:40:05.712+05:30 ERROR 22292 --- [main] com.example.DemoApplication              : ❌ Simulated error log...
2025-09-12T11:09:22.390+05:30  INFO 22961 --- [main] com.example.TodayApplication             : Starting TodayApplication using Java 21.0.8 with PID 22961 (/Users/arikatlavenkatesh/Documents/SpringBoot_Lab4/target/classes started by arikatlavenkatesh in /Users/arikatlavenkatesh/Documents/SpringBoot_Lab4)
2025-09-12T11:09:22.392+05:30 DEBUG 22961 --- [main] com.example.TodayApplication             : Running with Spring Boot v3.3.3, Spring v6.1.12
2025-09-12T11:09:22.392+05:30  INFO 22961 --- [main] com.example.TodayApplication             : No active profile set, falling back to 1 default profile: "default"
2025-09-12T11:09:22.951+05:30  INFO 22961 --- [main] o.s.b.w.embedded.tomcat.TomcatWebServer  : Tomcat initialized with port 8080 (http)
2025-09-12T11:09:22.962+05:30  INFO 22961 --- [main] o.apache.catalina.core.StandardService   : Starting service [Tomcat]
2025-09-12T11:09:22.962+05:30  INFO 22961 --- [main] o.apache.catalina.core.StandardEngine    : Starting Servlet engine: [Apache Tomcat/10.1.28]
2025-09-12T11:09:22.998+05:30  INFO 22961 --- [main] o.a.c.c.C.[Tomcat].[localhost].[/]       : Initializing Spring embedded WebApplicationContext
2025-09-12T11:09:22.998+05:30  INFO 22961 --- [main] w.s.c.ServletWebServerApplicationContext : Root WebApplicationContext: initialization completed in 582 ms
2025-09-12T11:09:23.237+05:30  INFO 22961 --- [main] o.s.b.w.embedded.tomcat.TomcatWebServer  : Tomcat started on port 8080 (http) with context path '/'
2025-09-12T11:09:23.243+05:30  INFO 22961 --- [main] com.example.TodayApplication             : Started TodayApplication in 1.1 seconds (process running for 1.301)
2025-09-12T11:12:01.478+05:30  INFO 23098 --- [main] com.example.TodayApplication             : Starting TodayApplication using Java 21.0.8 with PID 23098 (/Users/arikatlavenkatesh/Documents/ApiMicroservices/SpringBoot/SpringBoot_Lab4/target/classes started by arikatlavenkatesh in /Users/arikatlavenkatesh/Documents/ApiMicroservices/SpringBoot/SpringBoot_Lab4)
2025-09-12T11:12:01.480+05:30 DEBUG 23098 --- [main] com.example.TodayApplication             : Running with Spring Boot v3.3.3, Spring v6.1.12
2025-09-12T11:12:01.481+05:30  INFO 23098 --- [main] com.example.TodayApplication             : No active profile set, falling back to 1 default profile: "default"
2025-09-12T11:12:01.996+05:30  INFO 23098 --- [main] o.s.b.w.embedded.tomcat.TomcatWebServer  : Tomcat initialized with port 8080 (http)
2025-09-12T11:12:02.005+05:30  INFO 23098 --- [main] o.apache.catalina.core.StandardService   : Starting service [Tomcat]
2025-09-12T11:12:02.005+05:30  INFO 23098 --- [main] o.apache.catalina.core.StandardEngine    : Starting Servlet engine: [Apache Tomcat/10.1.28]
2025-09-12T11:12:02.034+05:30  INFO 23098 --- [main] o.a.c.c.C.[Tomcat].[localhost].[/]       : Initializing Spring embedded WebApplicationContext
2025-09-12T11:12:02.034+05:30  INFO 23098 --- [main] w.s.c.ServletWebServerApplicationContext : Root WebApplicationContext: initialization completed in 531 ms
2025-09-12T11:12:02.260+05:30  INFO 23098 --- [main] o.s.b.w.embedded.tomcat.TomcatWebServer  : Tomcat started on port 8080 (http) with context path '/'
2025-09-12T11:12:02.266+05:30  INFO 23098 --- [main] com.example.TodayApplication             : Started TodayApplication in 1.014 seconds (process running for 1.225)
2025-09-12T11:27:01.853+05:30  INFO 23259 --- [main] com.example.TodayApplication             : Starting TodayApplication using Java 21.0.8 with PID 23259 (/Users/arikatlavenkatesh/Documents/ApiMicroservices/SpringBoot/SpringBoot_Lab4/target/classes started by arikatlavenkatesh in /Users/arikatlavenkatesh/Documents/ApiMicroservices/SpringBoot/SpringBoot_Lab4)
2025-09-12T11:27:01.854+05:30 DEBUG 23259 --- [main] com.example.TodayApplication             : Running with Spring Boot v3.3.3, Spring v6.1.12
2025-09-12T11:27:01.855+05:30  INFO 23259 --- [main] com.example.TodayApplication             : No active profile set, falling back to 1 default profile: "default"
2025-09-12T11:27:02.373+05:30  INFO 23259 --- [main] o.s.b.w.embedded.tomcat.TomcatWebServer  : Tomcat initialized with port 8080 (http)
2025-09-12T11:27:02.382+05:30  INFO 23259 --- [main] o.apache.catalina.core.StandardService   : Starting service [Tomcat]
2025-09-12T11:27:02.382+05:30  INFO 23259 --- [main] o.apache.catalina.core.StandardEngine    : Starting Servlet engine: [Apache Tomcat/10.1.28]
2025-09-12T11:27:02.410+05:30  INFO 23259 --- [main] o.a.c.c.C.[Tomcat].[localhost].[/]       : Initializing Spring embedded WebApplicationContext
2025-09-12T11:27:02.411+05:30  INFO 23259 --- [main] w.s.c.ServletWebServerApplicationContext : Root WebApplicationContext: initialization completed in 533 ms
2025-09-12T11:27:02.638+05:30  INFO 23259 --- [main] o.s.b.w.embedded.tomcat.TomcatWebServer  : Tomcat started on port 8080 (http) with context path '/'
2025-09-12T11:27:02.644+05:30  INFO 23259 --- [main] com.example.TodayApplication             : Started TodayApplication in 1.018 seconds (process running for 1.227)
2025-09-12T11:28:03.608+05:30  INFO 23310 --- [main] com.example.TodayApplication             : Starting TodayApplication using Java 21.0.8 with PID 23310 (/Users/arikatlavenkatesh/Documents/ApiMicroservices/SpringBoot/SpringBoot_Lab4/target/classes started by arikatlavenkatesh in /Users/arikatlavenkatesh/Documents/ApiMicroservices/SpringBoot/SpringBoot_Lab4)
2025-09-12T11:28:03.609+05:30 DEBUG 23310 --- [main] com.example.TodayApplication             : Running with Spring Boot v3.3.3, Spring v6.1.12
2025-09-12T11:28:03.609+05:30  INFO 23310 --- [main] com.example.TodayApplication             : No active profile set, falling back to 1 default profile: "default"
2025-09-12T11:28:04.143+05:30  INFO 23310 --- [main] o.s.b.w.embedded.tomcat.TomcatWebServer  : Tomcat initialized with port 8080 (http)
2025-09-12T11:28:04.153+05:30  INFO 23310 --- [main] o.apache.catalina.core.StandardService   : Starting service [Tomcat]
2025-09-12T11:28:04.153+05:30  INFO 23310 --- [main] o.apache.catalina.core.StandardEngine    : Starting Servlet engine: [Apache Tomcat/10.1.28]
2025-09-12T11:28:04.183+05:30  INFO 23310 --- [main] o.a.c.c.C.[Tomcat].[localhost].[/]       : Initializing Spring embedded WebApplicationContext
2025-09-12T11:28:04.184+05:30  INFO 23310 --- [main] w.s.c.ServletWebServerApplicationContext : Root WebApplicationContext: initialization completed in 551 ms
2025-09-12T11:28:04.411+05:30  INFO 23310 --- [main] o.s.b.w.embedded.tomcat.TomcatWebServer  : Tomcat started on port 8080 (http) with context path '/'
2025-09-12T11:28:04.417+05:30  INFO 23310 --- [main] com.example.TodayApplication             : Started TodayApplication in 1.049 seconds (process running for 1.238)
2025-09-12T11:29:12.427+05:30  INFO 23334 --- [main] com.example.TodayApplication             : Starting TodayApplication using Java 21.0.8 with PID 23334 (/Users/arikatlavenkatesh/Documents/ApiMicroservices/SpringBoot/SpringBoot_Lab4/target/classes started by arikatlavenkatesh in /Users/arikatlavenkatesh/Documents/ApiMicroservices/SpringBoot/SpringBoot_Lab4)
2025-09-12T11:29:12.428+05:30 DEBUG 23334 --- [main] com.example.TodayApplication             : Running with Spring Boot v3.3.3, Spring v6.1.12
2025-09-12T11:29:12.428+05:30  INFO 23334 --- [main] com.example.TodayApplication             : No active profile set, falling back to 1 default profile: "default"
2025-09-12T11:29:12.979+05:30  INFO 23334 --- [main] o.s.b.w.embedded.tomcat.TomcatWebServer  : Tomcat initialized with port 8080 (http)
2025-09-12T11:29:12.989+05:30  INFO 23334 --- [main] o.apache.catalina.core.StandardService   : Starting service [Tomcat]
2025-09-12T11:29:12.989+05:30  INFO 23334 --- [main] o.apache.catalina.core.StandardEngine    : Starting Servlet engine: [Apache Tomcat/10.1.28]
2025-09-12T11:29:13.021+05:30  INFO 23334 --- [main] o.a.c.c.C.[Tomcat].[localhost].[/]       : Initializing Spring embedded WebApplicationContext
2025-09-12T11:29:13.022+05:30  INFO 23334 --- [main] w.s.c.ServletWebServerApplicationContext : Root WebApplicationContext: initialization completed in 570 ms
2025-09-12T11:29:13.255+05:30  INFO 23334 --- [main] o.s.b.w.embedded.tomcat.TomcatWebServer  : Tomcat started on port 8080 (http) with context path '/'
2025-09-12T11:29:13.261+05:30  INFO 23334 --- [main] com.example.TodayApplication             : Started TodayApplication in 1.081 seconds (process running for 1.277)
2025-09-12T11:29:24.503+05:30  INFO 23360 --- [main] com.example.TodayApplication             : Starting TodayApplication using Java 21.0.8 with PID 23360 (/Users/arikatlavenkatesh/Documents/ApiMicroservices/SpringBoot/SpringBoot_Lab4/target/classes started by arikatlavenkatesh in /Users/arikatlavenkatesh/Documents/ApiMicroservices/SpringBoot/SpringBoot_Lab4)
2025-09-12T11:29:24.504+05:30 DEBUG 23360 --- [main] com.example.TodayApplication             : Running with Spring Boot v3.3.3, Spring v6.1.12
2025-09-12T11:29:24.505+05:30  INFO 23360 --- [main] com.example.TodayApplication             : No active profile set, falling back to 1 default profile: "default"
2025-09-12T11:29:25.016+05:30  INFO 23360 --- [main] o.s.b.w.embedded.tomcat.TomcatWebServer  : Tomcat initialized with port 8080 (http)
2025-09-12T11:29:25.026+05:30  INFO 23360 --- [main] o.apache.catalina.core.StandardService   : Starting service [Tomcat]
2025-09-12T11:29:25.026+05:30  INFO 23360 --- [main] o.apache.catalina.core.StandardEngine    : Starting Servlet engine: [Apache Tomcat/10.1.28]
2025-09-12T11:29:25.054+05:30  INFO 23360 --- [main] o.a.c.c.C.[Tomcat].[localhost].[/]       : Initializing Spring embedded WebApplicationContext
2025-09-12T11:29:25.055+05:30  INFO 23360 --- [main] w.s.c.ServletWebServerApplicationContext : Root WebApplicationContext: initialization completed in 526 ms
2025-09-12T11:29:25.276+05:30  INFO 23360 --- [main] o.s.b.w.embedded.tomcat.TomcatWebServer  : Tomcat started on port 8080 (http) with context path '/'
2025-09-12T11:29:25.282+05:30  INFO 23360 --- [main] com.example.TodayApplication             : Started TodayApplication in 1.004 seconds (process running for 1.232)
2025-09-12T11:34:42.406+05:30  INFO 23530 --- [main] com.example.TodayApplication             : Starting TodayApplication using Java 21.0.8 with PID 23530 (/Users/arikatlavenkatesh/Documents/ApiMicroservices/SpringBoot/SpringBoot_Lab4/target/classes started by arikatlavenkatesh in /Users/arikatlavenkatesh/Documents/ApiMicroservices/SpringBoot/SpringBoot_Lab4)
2025-09-12T11:34:42.407+05:30 DEBUG 23530 --- [main] com.example.TodayApplication             : Running with Spring Boot v3.3.3, Spring v6.1.12
2025-09-12T11:34:42.408+05:30  INFO 23530 --- [main] com.example.TodayApplication             : No active profile set, falling back to 1 default profile: "default"
2025-09-12T11:34:42.929+05:30  INFO 23530 --- [main] o.s.b.w.embedded.tomcat.TomcatWebServer  : Tomcat initialized with port 8080 (http)
2025-09-12T11:34:42.938+05:30  INFO 23530 --- [main] o.apache.catalina.core.StandardService   : Starting service [Tomcat]
2025-09-12T11:34:42.939+05:30  INFO 23530 --- [main] o.apache.catalina.core.StandardEngine    : Starting Servlet engine: [Apache Tomcat/10.1.28]
2025-09-12T11:34:42.967+05:30  INFO 23530 --- [main] o.a.c.c.C.[Tomcat].[localhost].[/]       : Initializing Spring embedded WebApplicationContext
2025-09-12T11:34:42.968+05:30  INFO 23530 --- [main] w.s.c.ServletWebServerApplicationContext : Root WebApplicationContext: initialization completed in 535 ms
2025-09-12T11:34:43.192+05:30  INFO 23530 --- [main] o.s.b.w.embedded.tomcat.TomcatWebServer  : Tomcat started on port 8080 (http) with context path '/'
2025-09-12T11:34:43.198+05:30  INFO 23530 --- [main] com.example.TodayApplication             : Started TodayApplication in 1.019 seconds (process running for 1.235)
